[debug] [2022-09-26T14:18:31.940Z] ----------------------------------------------------------------------
[debug] [2022-09-26T14:18:31.942Z] Command:       C:\Program Files\nodejs\node.exe C:\Users\PACCY\AppData\Roaming\npm\node_modules\firebase-tools\lib\bin\firebase.js init
[debug] [2022-09-26T14:18:31.943Z] CLI Version:   11.8.0
[debug] [2022-09-26T14:18:31.943Z] Platform:      win32
[debug] [2022-09-26T14:18:31.943Z] Node Version:  v16.17.0
[debug] [2022-09-26T14:18:31.944Z] Time:          Mon Sep 26 2022 16:18:31 GMT+0200 (Central Africa Time)
[debug] [2022-09-26T14:18:31.944Z] ----------------------------------------------------------------------
[debug] 
[debug] [2022-09-26T14:18:32.042Z] > command requires scopes: ["email","openid","https://www.googleapis.com/auth/cloudplatformprojects.readonly","https://www.googleapis.com/auth/firebase","https://www.googleapis.com/auth/cloud-platform"]
[debug] [2022-09-26T14:18:32.043Z] > authorizing via signed-in user (tuyispacy@gmail.com)
[info] 
     ######## #### ########  ######## ########     ###     ######  ########
     ##        ##  ##     ## ##       ##     ##  ##   ##  ##       ##
     ######    ##  ########  ######   ########  #########  ######  ######
     ##        ##  ##    ##  ##       ##     ## ##     ##       ## ##
     ##       #### ##     ## ######## ########  ##     ##  ######  ########

You're about to initialize a Firebase project in this directory:

  C:\Users\PACCY\Documents\Projects\social-media-app

Before we get started, keep in mind:

  * You are initializing within an existing Firebase project directory

[info] 
=== Project Setup
[info] 
[info] First, let's associate this project directory with a Firebase project.
[info] You can create multiple project aliases by running firebase use --add, 
[info] but for now we'll just set up a default project.
[info] 
[debug] [2022-09-26T14:18:42.581Z] Using project from CLI flag: ut-cabs-test
[debug] [2022-09-26T14:18:42.583Z] >>> [apiv2][query] GET https://firebase.googleapis.com/v1beta1/projects/ut-cabs-test [none]
[debug] [2022-09-26T14:18:43.248Z] <<< [apiv2][status] GET https://firebase.googleapis.com/v1beta1/projects/ut-cabs-test 200
[debug] [2022-09-26T14:18:43.248Z] <<< [apiv2][body] GET https://firebase.googleapis.com/v1beta1/projects/ut-cabs-test {"projectId":"ut-cabs-test","projectNumber":"197865791261","displayName":"ut-cabs-test","name":"projects/ut-cabs-test","resources":{"hostingSite":"ut-cabs-test"},"state":"ACTIVE","etag":"1_03f28a3a-edd6-459a-bd65-0b2552880041"}
[info] i  Using project ut-cabs-test (ut-cabs-test) 
[info] 
=== Hosting Setup
[info] 
[info] Your public directory is the folder (relative to your project directory) that
[info] will contain Hosting assets to be uploaded with firebase deploy. If you
[info] have a build process for your assets, use your build's output directory.
[info] 
[debug] [2022-09-26T14:19:00.952Z] >>> [apiv2][query] GET https://www.gstatic.com/firebasejs/releases.json [none]
[debug] [2022-09-26T14:19:01.742Z] <<< [apiv2][status] GET https://www.gstatic.com/firebasejs/releases.json 200
[debug] [2022-09-26T14:19:01.743Z] <<< [apiv2][body] GET https://www.gstatic.com/firebasejs/releases.json {"current":{"version":"9.10.0","browserURL":"https://www.gstatic.com/firebasejs/9.10.0/firebase.js","packageURL":"https://www.gstatic.com/firebasejs/9.10.0/firebase.tgz"},"live":{"version":"9.10","browserURL":"https://www.gstatic.com/firebasejs/live/9.10/firebase.js","packageURL":"https://www.gstatic.com/firebasejs/live/9.10/firebase.tgz"},"components":{"analytics":"https://www.gstatic.com/firebasejs/9.10.0/firebase-analytics.js","app":"https://www.gstatic.com/firebasejs/9.10.0/firebase-app.js","app-check":"https://www.gstatic.com/firebasejs/9.10.0/firebase-app-check.js","auth":"https://www.gstatic.com/firebasejs/9.10.0/firebase-auth.js","auth/cordova":"https://www.gstatic.com/firebasejs/9.10.0/firebase-auth/cordova.js","auth/react-native":"https://www.gstatic.com/firebasejs/9.10.0/firebase-auth/react-native.js","functions":"https://www.gstatic.com/firebasejs/9.10.0/firebase-functions.js","firestore":"https://www.gstatic.com/firebasejs/9.10.0/firebase-firestore.js","firestore/lite":"https://www.gstatic.com/firebasejs/9.10.0/firebase-firestore/lite.js","installations":"https://www.gstatic.com/firebasejs/9.10.0/firebase-installations.js","storage":"https://www.gstatic.com/firebasejs/9.10.0/firebase-storage.js","performance":"https://www.gstatic.com/firebasejs/9.10.0/firebase-performance.js","remote-config":"https://www.gstatic.com/firebasejs/9.10.0/firebase-remote-config.js","messaging":"https://www.gstatic.com/firebasejs/9.10.0/firebase-messaging.js","messaging/sw":"https://www.gstatic.com/firebasejs/9.10.0/firebase-messaging/sw.js","database":"https://www.gstatic.com/firebasejs/9.10.0/firebase-database.js","firestore.memory":"https://www.gstatic.com/firebasejs/9.10.0/firebase-firestore.memory.js"}}
[info] i  Skipping write of public/index.html 
[info] 
[info] i  Detected a .git folder at C:\Users\PACCY\Documents\Projects\social-media-app 
[info] i  Authorizing with GitHub to upload your service account to a GitHub repository's secrets store. 
[info] 
[info] Visit this URL on this device to log in:
[info] https://github.com/login/oauth/authorize?client_id=89cf50f02ac6aaed3484&state=47008968&redirect_uri=http%3A%2F%2Flocalhost%3A9005&scope=read%3Auser%20repo%20public_repo
[info] 
[info] Waiting for authentication...
[debug] [2022-09-26T14:19:48.432Z] >>> [apiv2][query] POST https://github.com/login/oauth/access_token [none]
[debug] [2022-09-26T14:19:48.432Z] >>> [apiv2][body] POST https://github.com/login/oauth/access_token [stream]
[debug] [2022-09-26T14:19:49.426Z] <<< [apiv2][status] POST https://github.com/login/oauth/access_token 200
[debug] [2022-09-26T14:19:49.426Z] <<< [apiv2][body] POST https://github.com/login/oauth/access_token {"access_token":"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","token_type":"bearer","scope":"read:user,repo"}
[debug] [2022-09-26T14:19:49.462Z] >>> [apiv2][query] GET https://api.github.com/user [none]
[debug] [2022-09-26T14:19:50.269Z] <<< [apiv2][status] GET https://api.github.com/user 200
[debug] [2022-09-26T14:19:50.269Z] <<< [apiv2][body] GET https://api.github.com/user {"login":"utcabs","id":114189445,"node_id":"U_kgDOBs5khQ","avatar_url":"https://avatars.githubusercontent.com/u/114189445?v=4","gravatar_id":"","url":"https://api.github.com/users/utcabs","html_url":"https://github.com/utcabs","followers_url":"https://api.github.com/users/utcabs/followers","following_url":"https://api.github.com/users/utcabs/following{/other_user}","gists_url":"https://api.github.com/users/utcabs/gists{/gist_id}","starred_url":"https://api.github.com/users/utcabs/starred{/owner}{/repo}","subscriptions_url":"https://api.github.com/users/utcabs/subscriptions","organizations_url":"https://api.github.com/users/utcabs/orgs","repos_url":"https://api.github.com/users/utcabs/repos","events_url":"https://api.github.com/users/utcabs/events{/privacy}","received_events_url":"https://api.github.com/users/utcabs/received_events","type":"User","site_admin":false,"name":null,"company":null,"blog":"","location":null,"email":null,"hireable":null,"bio":null,"twitter_username":null,"public_repos":0,"public_gists":0,"followers":0,"following":0,"created_at":"2022-09-22T20:25:57Z","updated_at":"2022-09-23T11:06:30Z","private_gists":0,"total_private_repos":1,"owned_private_repos":1,"disk_usage":12663,"collaborators":0,"two_factor_authentication":false,"plan":{"name":"free","space":976562499,"collaborators":0,"private_repos":10000}}
[info] 
[info] +  Success! Logged into GitHub as utcabs 
[info] 
